Dec 03, 2023 2:04:42 AM controller.ApplicationLogger logInfo
INFO: Type Button Clicked
Dec 03, 2023 2:04:46 AM controller.ApplicationLogger logInfo
INFO: Search Button Clicked
Dec 03, 2023 2:04:46 AM controller.ApplicationLogger logInfo
INFO: Searched: animal
Dec 03, 2023 2:04:54 AM controller.ApplicationLogger logInfo
INFO: Clear Button Clicked
Dec 03, 2023 2:05:34 AM controller.ApplicationLogger logInfo
INFO: Save Button Clicked
Dec 03, 2023 2:05:34 AM controller.ApplicationLogger logInfo
INFO: Attempted Saving: 8726538196 bordgame boring 20 30 12     4 2 john johnton
Dec 03, 2023 2:05:51 AM controller.ApplicationLogger logInfo
INFO: Save Button Clicked
Dec 03, 2023 2:05:51 AM controller.ApplicationLogger logInfo
INFO: Attempted Saving: 8726538196 bordgame boring 20 30 12     2 4 john johnton
Dec 03, 2023 2:05:51 AM controller.ApplicationLogger logInfo
INFO: Added: 8726538196;bordgame;boring;20.0;30;12;2;4;john johnton

Dec 03, 2023 2:05:57 AM controller.ApplicationLogger logInfo
INFO: Search Button Clicked
Dec 03, 2023 2:05:57 AM controller.ApplicationLogger logInfo
INFO: Searched: board game
Dec 03, 2023 2:08:14 AM controller.ApplicationLogger logInfo
INFO: Type Button Clicked
Dec 03, 2023 2:08:17 AM controller.ApplicationLogger logInfo
INFO: Search Button Clicked
Dec 03, 2023 2:08:17 AM controller.ApplicationLogger logInfo
INFO: Searched: animal
Dec 03, 2023 2:10:04 AM controller.ApplicationLogger logInfo
INFO: Clear Button Clicked
Dec 03, 2023 2:10:11 AM controller.ApplicationLogger logInfo
INFO: Search Button Clicked
Dec 03, 2023 2:10:11 AM controller.ApplicationLogger logInfo
INFO: Searched: figure
Dec 03, 2023 2:10:14 AM controller.ApplicationLogger logInfo
INFO: Clear Button Clicked
Dec 03, 2023 2:10:18 AM controller.ApplicationLogger logInfo
INFO: Search Button Clicked
Dec 03, 2023 2:10:18 AM controller.ApplicationLogger logInfo
INFO: Searched: puzzle
Dec 03, 2023 2:10:26 AM controller.ApplicationLogger logInfo
INFO: Clear Button Clicked
Dec 03, 2023 2:10:31 AM controller.ApplicationLogger logInfo
INFO: Search Button Clicked
Dec 03, 2023 2:10:31 AM controller.ApplicationLogger logInfo
INFO: Searched: boardgame
Dec 03, 2023 2:10:34 AM controller.ApplicationLogger logInfo
INFO: Clear Button Clicked
Dec 03, 2023 2:33:18 AM controller.ApplicationLogger logInfo
INFO: Serial Number Button Clicked
Dec 03, 2023 2:33:26 AM controller.ApplicationLogger logInfo
INFO: Search Button Clicked
Dec 03, 2023 2:33:26 AM controller.ApplicationLogger logInfo
INFO: Searched: 2454855531
Dec 03, 2023 2:33:28 AM controller.ApplicationLogger logInfo
INFO: Search Button Clicked
Dec 03, 2023 2:33:28 AM controller.ApplicationLogger logInfo
INFO: Searched: 2454855531
Dec 03, 2023 2:33:39 AM controller.ApplicationLogger logInfo
INFO: Search Button Clicked
Dec 03, 2023 2:33:39 AM controller.ApplicationLogger logInfo
INFO: Searched: 24548555311
Dec 03, 2023 2:33:47 AM controller.ApplicationLogger logInfo
INFO: Search Button Clicked
Dec 03, 2023 2:33:47 AM controller.ApplicationLogger logInfo
INFO: Searched: 245485553s
Dec 03, 2023 2:33:50 AM controller.ApplicationLogger logInfo
INFO: Search Button Clicked
Dec 03, 2023 2:33:50 AM controller.ApplicationLogger logInfo
INFO: Searched: az
Dec 03, 2023 2:33:54 AM controller.ApplicationLogger logInfo
INFO: Clear Button Clicked
Dec 03, 2023 2:34:00 AM controller.ApplicationLogger logInfo
INFO: Search Button Clicked
Dec 03, 2023 2:34:00 AM controller.ApplicationLogger logInfo
INFO: Searched: 2454855531
Dec 03, 2023 2:34:47 AM controller.ApplicationLogger logInfo
INFO: Search Button Clicked
Dec 03, 2023 2:34:47 AM controller.ApplicationLogger logInfo
INFO: Searched: 8726538196
Dec 03, 2023 2:34:52 AM controller.ApplicationLogger logInfo
INFO: Search Button Clicked
Dec 03, 2023 2:34:52 AM controller.ApplicationLogger logInfo
INFO: Searched: 8726538196
Dec 03, 2023 2:34:59 AM controller.ApplicationLogger logInfo
INFO: Search Button Clicked
Dec 03, 2023 2:34:59 AM controller.ApplicationLogger logInfo
INFO: Searched: 2432451871
Dec 03, 2023 2:35:10 AM controller.ApplicationLogger logInfo
INFO: Name Button Clicked
Dec 03, 2023 2:35:11 AM controller.ApplicationLogger logInfo
INFO: Clear Button Clicked
Dec 03, 2023 2:35:20 AM controller.ApplicationLogger logInfo
INFO: Search Button Clicked
Dec 03, 2023 2:35:20 AM controller.ApplicationLogger logInfo
INFO: Searched: bordgame
Dec 03, 2023 2:35:23 AM controller.ApplicationLogger logInfo
INFO: Clear Button Clicked
Dec 03, 2023 2:35:31 AM controller.ApplicationLogger logInfo
INFO: Search Button Clicked
Dec 03, 2023 2:35:31 AM controller.ApplicationLogger logInfo
INFO: Searched: star
Dec 03, 2023 2:35:40 AM controller.ApplicationLogger logInfo
INFO: Search Button Clicked
Dec 03, 2023 2:35:40 AM controller.ApplicationLogger logInfo
INFO: Searched: coppit
Dec 03, 2023 2:35:57 AM controller.ApplicationLogger logInfo
INFO: Search Button Clicked
Dec 03, 2023 2:35:57 AM controller.ApplicationLogger logInfo
INFO: Searched: coppit1
Dec 03, 2023 2:36:01 AM controller.ApplicationLogger logInfo
INFO: Search Button Clicked
Dec 03, 2023 2:36:01 AM controller.ApplicationLogger logInfo
INFO: Searched: 
Dec 03, 2023 2:36:04 AM controller.ApplicationLogger logInfo
INFO: Search Button Clicked
Dec 03, 2023 2:36:04 AM controller.ApplicationLogger logInfo
INFO: Searched: -1
Dec 03, 2023 2:36:06 AM controller.ApplicationLogger logInfo
INFO: Clear Button Clicked
Dec 03, 2023 2:36:11 AM controller.ApplicationLogger logInfo
INFO: Search Button Clicked
Dec 03, 2023 2:36:11 AM controller.ApplicationLogger logInfo
INFO: Searched: StAr
Dec 03, 2023 2:36:16 AM controller.ApplicationLogger logInfo
INFO: Search Button Clicked
Dec 03, 2023 2:36:16 AM controller.ApplicationLogger logInfo
INFO: Searched: Star
Dec 03, 2023 2:36:18 AM controller.ApplicationLogger logInfo
INFO: Search Button Clicked
Dec 03, 2023 2:36:18 AM controller.ApplicationLogger logInfo
INFO: Searched: star
Dec 03, 2023 2:36:53 AM controller.ApplicationLogger logInfo
INFO: Clear Button Clicked
Dec 03, 2023 2:36:54 AM controller.ApplicationLogger logInfo
INFO: Type Button Clicked
Dec 03, 2023 2:36:57 AM controller.ApplicationLogger logInfo
INFO: Search Button Clicked
Dec 03, 2023 2:36:57 AM controller.ApplicationLogger logInfo
INFO: Searched: animal
Dec 03, 2023 2:37:00 AM controller.ApplicationLogger logInfo
INFO: Search Button Clicked
Dec 03, 2023 2:37:00 AM controller.ApplicationLogger logInfo
INFO: Searched: figure
Dec 03, 2023 2:37:05 AM controller.ApplicationLogger logInfo
INFO: Search Button Clicked
Dec 03, 2023 2:37:05 AM controller.ApplicationLogger logInfo
INFO: Searched: puzzle
Dec 03, 2023 2:37:09 AM controller.ApplicationLogger logInfo
INFO: Search Button Clicked
Dec 03, 2023 2:37:09 AM controller.ApplicationLogger logInfo
INFO: Searched: PUZZLE
Dec 03, 2023 2:37:16 AM controller.ApplicationLogger logInfo
INFO: Search Button Clicked
Dec 03, 2023 2:37:16 AM controller.ApplicationLogger logInfo
INFO: Searched: FIGIre
Dec 03, 2023 2:37:23 AM controller.ApplicationLogger logInfo
INFO: Search Button Clicked
Dec 03, 2023 2:37:23 AM controller.ApplicationLogger logInfo
INFO: Searched: fIgURe
Dec 03, 2023 2:49:33 AM controller.ApplicationLogger logInfo
INFO: Name Button Clicked
Dec 03, 2023 2:49:35 AM controller.ApplicationLogger logInfo
INFO: Search Button Clicked
Dec 03, 2023 2:49:35 AM controller.ApplicationLogger logInfo
INFO: Searched: star
Dec 03, 2023 2:49:38 AM controller.ApplicationLogger logInfo
INFO: Search Button Clicked
Dec 03, 2023 2:49:38 AM controller.ApplicationLogger logInfo
INFO: Searched: STAR
Dec 03, 2023 2:49:41 AM controller.ApplicationLogger logInfo
INFO: Clear Button Clicked
Dec 03, 2023 2:49:44 AM controller.ApplicationLogger logInfo
INFO: Search Button Clicked
Dec 03, 2023 2:49:44 AM controller.ApplicationLogger logInfo
INFO: Searched: sTAr
Dec 03, 2023 3:01:56 AM controller.ApplicationLogger logInfo
INFO: Name Button Clicked
Dec 03, 2023 3:02:00 AM controller.ApplicationLogger logInfo
INFO: Search Button Clicked
Dec 03, 2023 3:02:00 AM controller.ApplicationLogger logInfo
INFO: Searched: STAR
Dec 03, 2023 3:02:06 AM controller.ApplicationLogger logInfo
INFO: Search Button Clicked
Dec 03, 2023 3:02:06 AM controller.ApplicationLogger logInfo
INFO: Searched: star
Dec 03, 2023 3:02:07 AM controller.ApplicationLogger logInfo
INFO: Clear Button Clicked
Dec 03, 2023 3:02:12 AM controller.ApplicationLogger logInfo
INFO: Search Button Clicked
Dec 03, 2023 3:02:12 AM controller.ApplicationLogger logInfo
INFO: Searched: STaR
Dec 03, 2023 3:04:36 AM controller.ApplicationLogger logInfo
INFO: Name Button Clicked
Dec 03, 2023 3:04:38 AM controller.ApplicationLogger logInfo
INFO: Search Button Clicked
Dec 03, 2023 3:04:38 AM controller.ApplicationLogger logInfo
INFO: Searched: 
